Using pre-set license
Built from '2020.3/staging' branch; Version is '2020.3.26f1 (7298b473bc1a) revision 7510196'; Using compiler version '192528614'; Build Type 'Release'
OS: 'Windows 10  (10.0.19043) 64bit Core' Language: 'en' Physical Memory: 16310 MB
BatchMode: 1, IsHumanControllingUs: 0, StartBugReporterOnCrash: 0, Is64bit: 1, IsPro: 0

COMMAND LINE ARGUMENTS:
C:\Program Files\Unity\Hub\Editor\2020.3.26f1\Editor\Unity.exe
-adb2
-batchMode
-noUpm
-name
AssetImportWorker0
-projectPath
C:/Users/Selena/Unity/Timeline and Cinemachine
-logFile
Logs/AssetImportWorker0.log
-srvPort
64196
Successfully changed project path to: C:/Users/Selena/Unity/Timeline and Cinemachine
C:/Users/Selena/Unity/Timeline and Cinemachine
Using Asset Import Pipeline V2.
Refreshing native plugins compatible for Editor in 32.68 ms, found 2 plugins.
Preloading 0 native plugins for Editor in 0.00 ms.
Initialize engine version: 2020.3.26f1 (7298b473bc1a)
[Subsystems] Discovering subsystems at path C:/Program Files/Unity/Hub/Editor/2020.3.26f1/Editor/Data/Resources/UnitySubsystems
[Subsystems] Discovering subsystems at path C:/Users/Selena/Unity/Timeline and Cinemachine/Assets
GfxDevice: creating device client; threaded=0
Direct3D:
    Version:  Direct3D 11.0 [level 11.1]
    Renderer: Radeon(TM) RX 460 Graphics (ID=0x67ef)
    Vendor:   
    VRAM:     2027 MB
    Driver:   30.0.13023.4001
Initialize mono
Mono path[0] = 'C:/Program Files/Unity/Hub/Editor/2020.3.26f1/Editor/Data/Managed'
Mono path[1] = 'C:/Program Files/Unity/Hub/Editor/2020.3.26f1/Editor/Data/MonoBleedingEdge/lib/mono/unityjit'
Mono config path = 'C:/Program Files/Unity/Hub/Editor/2020.3.26f1/Editor/Data/MonoBleedingEdge/etc'
Using monoOptions --debugger-agent=transport=dt_socket,embedding=1,server=y,suspend=n,address=127.0.0.1:56500
Begin MonoManager ReloadAssembly
Registering precompiled unity dll's ...
Register platform support module: C:/Program Files/Unity/Hub/Editor/2020.3.26f1/Editor/Data/PlaybackEngines/WindowsStandaloneSupport/UnityEditor.WindowsStandalone.Extensions.dll
Registered in 0.001585 seconds.
Native extension for WindowsStandalone target not found
Refreshing native plugins compatible for Editor in 32.26 ms, found 2 plugins.
Preloading 0 native plugins for Editor in 0.00 ms.
Mono: successfully reloaded assembly
- Completed reload, in  0.444 seconds
Domain Reload Profiling:
	ReloadAssembly (444ms)
		BeginReloadAssembly (42ms)
			ExecutionOrderSort (0ms)
			DisableScriptedObjects (0ms)
			BackupInstance (0ms)
			ReleaseScriptingObjects (0ms)
			CreateAndSetChildDomain (1ms)
		EndReloadAssembly (342ms)
			LoadAssemblies (41ms)
			RebuildTransferFunctionScriptingTraits (0ms)
			SetupTypeCache (116ms)
			ReleaseScriptCaches (0ms)
			RebuildScriptCaches (24ms)
			SetupLoadedEditorAssemblies (131ms)
				LogAssemblyErrors (0ms)
				InitializePlatformSupportModulesInManaged (4ms)
				SetLoadedEditorAssemblies (0ms)
				RefreshPlugins (32ms)
				BeforeProcessingInitializeOnLoad (10ms)
				ProcessInitializeOnLoadAttributes (63ms)
				ProcessInitializeOnLoadMethodAttributes (21ms)
				AfterProcessingInitializeOnLoad (0ms)
				EditorAssembliesLoaded (0ms)
			ExecutionOrderSort2 (0ms)
			AwakeInstancesAfterBackupRestoration (0ms)
Platform modules already initialized, skipping
Registering precompiled user dll's ...
Registered in 0.003350 seconds.
Begin MonoManager ReloadAssembly
Native extension for WindowsStandalone target not found
Refreshing native plugins compatible for Editor in 0.47 ms, found 2 plugins.
Preloading 0 native plugins for Editor in 0.00 ms.
Mono: successfully reloaded assembly
- Completed reload, in  1.313 seconds
Domain Reload Profiling:
	ReloadAssembly (1314ms)
		BeginReloadAssembly (118ms)
			ExecutionOrderSort (0ms)
			DisableScriptedObjects (4ms)
			BackupInstance (0ms)
			ReleaseScriptingObjects (0ms)
			CreateAndSetChildDomain (16ms)
		EndReloadAssembly (1143ms)
			LoadAssemblies (69ms)
			RebuildTransferFunctionScriptingTraits (0ms)
			SetupTypeCache (229ms)
			ReleaseScriptCaches (0ms)
			RebuildScriptCaches (38ms)
			SetupLoadedEditorAssemblies (733ms)
				LogAssemblyErrors (0ms)
				InitializePlatformSupportModulesInManaged (3ms)
				SetLoadedEditorAssemblies (0ms)
				RefreshPlugins (1ms)
				BeforeProcessingInitializeOnLoad (67ms)
				ProcessInitializeOnLoadAttributes (649ms)
				ProcessInitializeOnLoadMethodAttributes (7ms)
				AfterProcessingInitializeOnLoad (5ms)
				EditorAssembliesLoaded (0ms)
			ExecutionOrderSort2 (0ms)
			AwakeInstancesAfterBackupRestoration (5ms)
Platform modules already initialized, skipping
========================================================================
Worker process is ready to serve import requests
Launched and connected shader compiler UnityShaderCompiler.exe after 0.04 seconds
Refreshing native plugins compatible for Editor in 0.48 ms, found 2 plugins.
Preloading 0 native plugins for Editor in 0.00 ms.
Unloading 1726 Unused Serialized files (Serialized files now loaded: 0)
System memory in use before: 80.7 MB.
System memory in use after: 80.8 MB.

Unloading 20 unused Assets to reduce memory usage. Loaded Objects now: 2160.
Total: 2.757600 ms (FindLiveObjects: 0.175500 ms CreateObjectMapping: 0.045600 ms MarkObjects: 2.477900 ms  DeleteObjects: 0.057400 ms)

AssetImportParameters requested are different than current active one (requested -> active):
  custom:framework-win-MediaFoundation: 216162199b28c13a410421893ffa2e32 -> 
  custom:video-decoder-ogg-theora: a1e56fd34408186e4bbccfd4996cb3dc -> 
  custom:container-muxer-webm: aa71ff27fc2769a1b78a27578f13a17b -> 
  custom:container-demuxer-webm: 4f35f7cbe854078d1ac9338744f61a02 -> 
  custom:container-demuxer-ogg: 62fdf1f143b41e24485cea50d1cbac27 -> 
  custom:video-encoder-webm-vp8: eb34c28f22e8b96e1ab97ce403110664 -> 
  custom:video-decoder-webm-vp8: 9c59270c3fd7afecdb556c50c9e8de78 -> 
  custom:audio-decoder-ogg-vorbis: bf7c407c2cedff20999df2af8eb42d56 -> 
  custom:audio-encoder-webm-vorbis: bf7c407c2cedff20999df2af8eb42d56 -> 
========================================================================
Received Import Request.
  path: Assets/PP_FocusClose.asset
  artifactKey: Guid(eda0badee5e1ffa4abc9c4ee2be23f5e) Importer(815301076,1909f56bfc062723c751e8b465ee728b)
Start importing Assets/PP_FocusClose.asset using Guid(eda0badee5e1ffa4abc9c4ee2be23f5e) Importer(815301076,1909f56bfc062723c751e8b465ee728b)  -> (artifact id: 'c03f3b266521b958d03b78c6ce30f7cc') in 0.030591 seconds 
  Import took 0.033066 seconds .

========================================================================
Received Import Request.
  Time since last request: 0.000246 seconds.
  path: Assets/PP_FocusFar.asset
  artifactKey: Guid(4ec442a3a1cdb7142b9f62d03b6150bf) Importer(815301076,1909f56bfc062723c751e8b465ee728b)
Start importing Assets/PP_FocusFar.asset using Guid(4ec442a3a1cdb7142b9f62d03b6150bf) Importer(815301076,1909f56bfc062723c751e8b465ee728b)  -> (artifact id: '0e859d07cd106200e20b3ab3e45232ce') in 0.006878 seconds 
  Import took 0.009584 seconds .

========================================================================
Received Import Request.
  Time since last request: 0.000169 seconds.
  path: Assets/PP_ALL.asset
  artifactKey: Guid(73f0582119f0f584fae939c94b102ff2) Importer(815301076,1909f56bfc062723c751e8b465ee728b)
Start importing Assets/PP_ALL.asset using Guid(73f0582119f0f584fae939c94b102ff2) Importer(815301076,1909f56bfc062723c751e8b465ee728b)  -> (artifact id: 'e1fdba5c936aba0f86fce809a8b2490c') in 0.021816 seconds 
  Import took 0.024148 seconds .

========================================================================
Received Import Request.
  Time since last request: 0.000204 seconds.
  path: Assets/PP_HouseInt.asset
  artifactKey: Guid(ac4cdeef94a78ae4caa93ec7e1b45a2f) Importer(815301076,1909f56bfc062723c751e8b465ee728b)
Start importing Assets/PP_HouseInt.asset using Guid(ac4cdeef94a78ae4caa93ec7e1b45a2f) Importer(815301076,1909f56bfc062723c751e8b465ee728b)  -> (artifact id: 'b9afd08370e3d89907bc45cbc14eeb51') in 0.007336 seconds 
  Import took 0.010086 seconds .

========================================================================
Received Import Request.
  Time since last request: 0.000180 seconds.
  path: Assets/PP_Black.asset
  artifactKey: Guid(88da914e6573db74b857b0b9d6f2e2e7) Importer(815301076,1909f56bfc062723c751e8b465ee728b)
Start importing Assets/PP_Black.asset using Guid(88da914e6573db74b857b0b9d6f2e2e7) Importer(815301076,1909f56bfc062723c751e8b465ee728b)  -> (artifact id: 'ef507280426950c1c97fcd50f85a0ded') in 0.006777 seconds 
  Import took 0.009178 seconds .

========================================================================
Received Import Request.
  Time since last request: 0.000148 seconds.
  path: Assets/New_PP_ALL.asset
  artifactKey: Guid(f1db4143d723b274caac384d2630b2f4) Importer(815301076,1909f56bfc062723c751e8b465ee728b)
Start importing Assets/New_PP_ALL.asset using Guid(f1db4143d723b274caac384d2630b2f4) Importer(815301076,1909f56bfc062723c751e8b465ee728b)  -> (artifact id: '7707db3aab84441b69075f27ebb31cfb') in 0.006961 seconds 
  Import took 0.009329 seconds .

========================================================================
Received Import Request.
  Time since last request: 1.500071 seconds.
  path: Assets/Scenes/01_01.unity
  artifactKey: Guid(79fec2915922410428529b6fd12c4599) Importer(815301076,1909f56bfc062723c751e8b465ee728b)
Start importing Assets/Scenes/01_01.unity using Guid(79fec2915922410428529b6fd12c4599) Importer(815301076,1909f56bfc062723c751e8b465ee728b)  -> (artifact id: 'e5cec4eee3f56c12fcff657475d216cd') in 0.005661 seconds 
  Import took 0.008249 seconds .

========================================================================
Received Import Request.
  Time since last request: 17.004939 seconds.
  path: Assets/Scenes/01_02.unity
  artifactKey: Guid(7a881e35bf2862b4cbf5c4c83f33ea69) Importer(815301076,1909f56bfc062723c751e8b465ee728b)
Start importing Assets/Scenes/01_02.unity using Guid(7a881e35bf2862b4cbf5c4c83f33ea69) Importer(815301076,1909f56bfc062723c751e8b465ee728b)  -> (artifact id: '82d4c30dbf2976418eff6e22ecfa8585') in 0.006048 seconds 
  Import took 0.008745 seconds .

========================================================================
Received Prepare
Registering precompiled user dll's ...
Registered in 0.003417 seconds.
Begin MonoManager ReloadAssembly
Native extension for WindowsStandalone target not found
Refreshing native plugins compatible for Editor in 0.47 ms, found 2 plugins.
Preloading 0 native plugins for Editor in 0.00 ms.
Mono: successfully reloaded assembly
- Completed reload, in  1.183 seconds
Domain Reload Profiling:
	ReloadAssembly (1183ms)
		BeginReloadAssembly (124ms)
			ExecutionOrderSort (0ms)
			DisableScriptedObjects (3ms)
			BackupInstance (0ms)
			ReleaseScriptingObjects (0ms)
			CreateAndSetChildDomain (48ms)
		EndReloadAssembly (1009ms)
			LoadAssemblies (65ms)
			RebuildTransferFunctionScriptingTraits (0ms)
			SetupTypeCache (225ms)
			ReleaseScriptCaches (1ms)
			RebuildScriptCaches (30ms)
			SetupLoadedEditorAssemblies (617ms)
				LogAssemblyErrors (0ms)
				InitializePlatformSupportModulesInManaged (3ms)
				SetLoadedEditorAssemblies (0ms)
				RefreshPlugins (1ms)
				BeforeProcessingInitializeOnLoad (60ms)
				ProcessInitializeOnLoadAttributes (542ms)
				ProcessInitializeOnLoadMethodAttributes (6ms)
				AfterProcessingInitializeOnLoad (5ms)
				EditorAssembliesLoaded (0ms)
			ExecutionOrderSort2 (0ms)
			AwakeInstancesAfterBackupRestoration (4ms)
Platform modules already initialized, skipping
Refreshing native plugins compatible for Editor in 0.41 ms, found 2 plugins.
Preloading 0 native plugins for Editor in 0.00 ms.
Unloading 1689 Unused Serialized files (Serialized files now loaded: 0)
System memory in use before: 77.5 MB.
System memory in use after: 77.7 MB.

Unloading 15 unused Assets to reduce memory usage. Loaded Objects now: 2162.
Total: 2.604700 ms (FindLiveObjects: 0.175000 ms CreateObjectMapping: 0.039000 ms MarkObjects: 2.377200 ms  DeleteObjects: 0.012700 ms)

AssetImportParameters requested are different than current active one (requested -> active):
  custom:framework-win-MediaFoundation: 216162199b28c13a410421893ffa2e32 -> 
  custom:video-decoder-ogg-theora: a1e56fd34408186e4bbccfd4996cb3dc -> 
  custom:container-muxer-webm: aa71ff27fc2769a1b78a27578f13a17b -> 
  custom:container-demuxer-webm: 4f35f7cbe854078d1ac9338744f61a02 -> 
  custom:container-demuxer-ogg: 62fdf1f143b41e24485cea50d1cbac27 -> 
  custom:video-encoder-webm-vp8: eb34c28f22e8b96e1ab97ce403110664 -> 
  custom:video-decoder-webm-vp8: 9c59270c3fd7afecdb556c50c9e8de78 -> 
  custom:audio-decoder-ogg-vorbis: bf7c407c2cedff20999df2af8eb42d56 -> 
  custom:audio-encoder-webm-vorbis: bf7c407c2cedff20999df2af8eb42d56 -> 
AssetImportWorkerClient::OnTransportError - code=2 error=End of file
